<?xml version="1.0" encoding="UTF-8"?>
<!-- Generated by org.testng.reporters.JUnitXMLReporter -->
<testsuite ignored="0" hostname="SHUBHAM" failures="0" tests="3" name="keyword1" time="16.079" errors="0" timestamp="2023-06-29T17:45:03 IST">
  <testcase classname="practice.DataProviderDemo" name="googlesearch" time="4.677"/>
  <testcase classname="practice.DataProviderDemo" name="googlesearch" time="5.015"/>
  <testcase classname="practice.DataProviderDemo" name="googlesearch" time="6.341"/>
</testsuite> <!-- keyword1 -->
